<?xml version="1.0" encoding="UTF-8"?>
<!-- Generated by org.testng.reporters.JUnitReportReporter -->
<testsuite hostname="DESKTOP-FQHLV6B" failures="0" tests="1" name="practiceForFetching.JSfileFetchingTest" time="0.033" errors="0" timestamp="05 Aug 2022 09:06:02 GMT" skipped="0">
  <testcase classname="practiceForFetching.JSfileFetchingTest" name="jsfilereading" time="0.033"/>
</testsuite> <!-- practiceForFetching.JSfileFetchingTest -->
