<?xml version="1.0" encoding="UTF-8"?>
<!-- Generated by org.testng.reporters.JUnitReportReporter -->
<testsuite hostname="DESKTOP-FQHLV6B" failures="0" tests="1" name="practiceForFetching.ReadingDataFromjsonFileTest" time="0.046" errors="0" timestamp="2022-08-07T20:17:25 IST" skipped="0">
  <testcase classname="practiceForFetching.ReadingDataFromjsonFileTest" name="readingJsonfile" time="0.046"/>
  <system-out/>
</testsuite> <!-- practiceForFetching.ReadingDataFromjsonFileTest -->
