<?xml version="1.0" encoding="UTF-8"?>
<!-- Generated by org.testng.reporters.JUnitReportReporter -->
<testsuite hostname="DESKTOP-FQHLV6B" failures="0" tests="1" name="practiceForFetching.PropertyFetchingTest" time="0.032" errors="0" timestamp="04 Aug 2022 16:13:24 GMT" skipped="0">
  <testcase classname="practiceForFetching.PropertyFetchingTest" name="propreading" time="0.032"/>
</testsuite> <!-- practiceForFetching.PropertyFetchingTest -->
