<?xml version="1.0" encoding="UTF-8"?>
<!-- Generated by org.testng.reporters.JUnitReportReporter -->
<testsuite hostname="DESKTOP-FQHLV6B" failures="0" tests="1" name="com.TyssMVN.Testcases.InviHandle" time="36.925" errors="0" timestamp="2022-08-26T22:12:18 IST" skipped="0">
  <testcase classname="com.TyssMVN.Testcases.InviHandle" name="test2" time="36.925"/>
  <system-out/>
</testsuite> <!-- com.TyssMVN.Testcases.InviHandle -->
