<?xml version="1.0" encoding="UTF-8"?>
<!-- Generated by org.testng.reporters.JUnitReportReporter -->
<testsuite hostname="DESKTOP-FQHLV6B" failures="0" tests="1" name="practiceForFetching.ReadingDataFrompropTest" time="0.022" errors="0" timestamp="2022-08-07T20:11:38 IST" skipped="0">
  <testcase classname="practiceForFetching.ReadingDataFrompropTest" name="readingprop" time="0.022"/>
  <system-out/>
</testsuite> <!-- practiceForFetching.ReadingDataFrompropTest -->
