<?xml version="1.0" encoding="UTF-8"?>
<!-- Generated by org.testng.reporters.JUnitReportReporter -->
<testsuite hostname="DESKTOP-FQHLV6B" failures="0" tests="1" name="com.TyssMVN.Testcases.CreateOrganizationTest" time="26.079" errors="0" timestamp="2022-08-18T22:57:27 IST" skipped="0">
  <testcase classname="com.TyssMVN.Testcases.CreateOrganizationTest" name="createOrganization" time="26.079"/>
  <system-out/>
</testsuite> <!-- com.TyssMVN.Testcases.CreateOrganizationTest -->
