<?xml version="1.0" encoding="UTF-8"?>
<!-- Generated by org.testng.reporters.JUnitReportReporter -->
<testsuite skipped="0" hostname="DESKTOP-FQHLV6B" name="practiceForFetching.ReadingDataFromCMDTest" tests="1" failures="0" timestamp="2022-09-20T20:09:49 IST" time="0.019" errors="0">
  <testcase name="readingcmdData" time="0.019" classname="practiceForFetching.ReadingDataFromCMDTest"/>
  <system-out/>
</testsuite> <!-- practiceForFetching.ReadingDataFromCMDTest -->
