<?xml version="1.0" encoding="UTF-8"?>
<!-- Generated by org.testng.reporters.JUnitReportReporter -->
<testsuite hostname="DESKTOP-FQHLV6B" failures="0" tests="1" name="practiceForFetching.XmlFileFetchingTest" time="0.025" errors="0" timestamp="05 Aug 2022 09:14:31 GMT" skipped="0">
  <testcase classname="practiceForFetching.XmlFileFetchingTest" name="xmlreading" time="0.025"/>
</testsuite> <!-- practiceForFetching.XmlFileFetchingTest -->
