<?xml version="1.0" encoding="UTF-8"?>
<!-- Generated by org.testng.reporters.JUnitReportReporter -->
<testsuite hostname="DESKTOP-FQHLV6B" failures="0" tests="1" name="com.TyssMVN.Testcases.InvisibleHandle" time="10.165" errors="0" timestamp="2022-08-28T07:56:08 IST" skipped="0">
  <testcase classname="com.TyssMVN.Testcases.InvisibleHandle" name="handleBymulAttribute" time="10.165"/>
  <system-out/>
</testsuite> <!-- com.TyssMVN.Testcases.InvisibleHandle -->
