<?xml version="1.0" encoding="UTF-8"?>
<!-- Generated by org.testng.reporters.JUnitReportReporter -->
<testsuite hostname="DESKTOP-FQHLV6B" failures="0" tests="1" name="practiceForFetching.ReadingDatafromExcelTest" time="1.637" errors="0" timestamp="2022-08-26T12:04:09 IST" skipped="0">
  <testcase classname="practiceForFetching.ReadingDatafromExcelTest" name="readingprop" time="1.637"/>
  <system-out/>
</testsuite> <!-- practiceForFetching.ReadingDatafromExcelTest -->
