<?xml version="1.0" encoding="UTF-8"?>
<!-- Generated by org.testng.reporters.JUnitReportReporter -->
<testsuite hostname="DESKTOP-FQHLV6B" failures="0" tests="1" name="practiceForFetching.ReadingDatafromXmlFileTest" time="0.018" errors="0" timestamp="2022-08-07T20:41:09 IST" skipped="0">
  <testcase classname="practiceForFetching.ReadingDatafromXmlFileTest" name="readingDataFromXml" time="0.018"/>
  <system-out/>
</testsuite> <!-- practiceForFetching.ReadingDatafromXmlFileTest -->
