<?xml version="1.0" encoding="UTF-8"?>
<!-- Generated by org.testng.reporters.JUnitReportReporter -->
<testsuite skipped="0" hostname="DESKTOP-FQHLV6B" name="practiceForFetching.ReadingDataFromjsonFileTest" tests="1" failures="0" timestamp="07 Aug 2022 15:15:57 GMT" time="0.012" errors="0">
  <testcase name="readingJsonfile" time="0.012" classname="practiceForFetching.ReadingDataFromjsonFileTest"/>
</testsuite> <!-- practiceForFetching.ReadingDataFromjsonFileTest -->
